0 info it worked if it ends with ok
1 verbose cli [ 'C:\\Program Files\\nodejs\\node.exe',
1 verbose cli   'C:\\Program Files\\nodejs\\node_modules\\npm\\bin\\npm-cli.js',
1 verbose cli   'install',
1 verbose cli   'express-sesssion',
1 verbose cli   '--save' ]
2 info using npm@2.15.9
3 info using node@v4.6.0
4 verbose install initial load of C:\Users\salas\Desktop\mean stack\FULL MEAN\Dragons\package.json
5 warn package.json simple_server@1.0.0 No description
6 warn package.json simple_server@1.0.0 No repository field.
7 warn package.json simple_server@1.0.0 No README data
8 verbose installManyTop reading scoped package data from C:\Users\salas\Desktop\mean stack\FULL MEAN\Dragons\node_modules\bcryptjs\package.json
9 verbose installManyTop reading scoped package data from C:\Users\salas\Desktop\mean stack\FULL MEAN\Dragons\node_modules\body-parser\package.json
10 verbose installManyTop reading scoped package data from C:\Users\salas\Desktop\mean stack\FULL MEAN\Dragons\node_modules\express\package.json
11 verbose installManyTop reading scoped package data from C:\Users\salas\Desktop\mean stack\FULL MEAN\Dragons\node_modules\express-session\package.json
12 verbose installManyTop reading scoped package data from C:\Users\salas\Desktop\mean stack\FULL MEAN\Dragons\node_modules\express-sessions\package.json
13 verbose installManyTop reading scoped package data from C:\Users\salas\Desktop\mean stack\FULL MEAN\Dragons\node_modules\mongoose\package.json
14 verbose installManyTop reading scoped package data from C:\Users\salas\Desktop\mean stack\FULL MEAN\Dragons\node_modules\save\package.json
15 info package.json express-sessions@1.0.6 No license field.
16 verbose readDependencies loading dependencies from C:\Users\salas\Desktop\mean stack\FULL MEAN\Dragons\package.json
17 silly cache add args [ 'express-sesssion', null ]
18 verbose cache add spec express-sesssion
19 silly cache add parsed spec Result {
19 silly cache add   raw: 'express-sesssion',
19 silly cache add   scope: null,
19 silly cache add   name: 'express-sesssion',
19 silly cache add   rawSpec: '',
19 silly cache add   spec: 'latest',
19 silly cache add   type: 'tag' }
20 silly addNamed express-sesssion@latest
21 verbose addNamed "latest" is being treated as a dist-tag for express-sesssion
22 info addNameTag [ 'express-sesssion', 'latest' ]
23 silly mapToRegistry name express-sesssion
24 silly mapToRegistry using default registry
25 silly mapToRegistry registry https://registry.npmjs.org/
26 silly mapToRegistry data Result {
26 silly mapToRegistry   raw: 'express-sesssion',
26 silly mapToRegistry   scope: null,
26 silly mapToRegistry   name: 'express-sesssion',
26 silly mapToRegistry   rawSpec: '',
26 silly mapToRegistry   spec: 'latest',
26 silly mapToRegistry   type: 'tag' }
27 silly mapToRegistry uri https://registry.npmjs.org/express-sesssion
28 verbose addNameTag registry:https://registry.npmjs.org/express-sesssion not in flight; fetching
29 verbose request uri https://registry.npmjs.org/express-sesssion
30 verbose request no auth needed
31 info attempt registry request try #1 at 10:27:16 AM
32 verbose request id 4dfd85dadc5a3bc8
33 http request GET https://registry.npmjs.org/express-sesssion
34 http 404 https://registry.npmjs.org/express-sesssion
35 verbose headers { 'content-type': 'application/json',
35 verbose headers   'cache-control': 'max-age=0',
35 verbose headers   'content-length': '2',
35 verbose headers   'accept-ranges': 'bytes',
35 verbose headers   date: 'Tue, 25 Oct 2016 15:27:14 GMT',
35 verbose headers   via: '1.1 varnish',
35 verbose headers   age: '0',
35 verbose headers   connection: 'keep-alive',
35 verbose headers   'x-served-by': 'cache-ord1727-ORD',
35 verbose headers   'x-cache': 'MISS',
35 verbose headers   'x-cache-hits': '0',
35 verbose headers   'x-timer': 'S1477409234.461232,VS0,VE94',
35 verbose headers   vary: 'Accept-Encoding' }
36 silly get cb [ 404,
36 silly get   { 'content-type': 'application/json',
36 silly get     'cache-control': 'max-age=0',
36 silly get     'content-length': '2',
36 silly get     'accept-ranges': 'bytes',
36 silly get     date: 'Tue, 25 Oct 2016 15:27:14 GMT',
36 silly get     via: '1.1 varnish',
36 silly get     age: '0',
36 silly get     connection: 'keep-alive',
36 silly get     'x-served-by': 'cache-ord1727-ORD',
36 silly get     'x-cache': 'MISS',
36 silly get     'x-cache-hits': '0',
36 silly get     'x-timer': 'S1477409234.461232,VS0,VE94',
36 silly get     vary: 'Accept-Encoding' } ]
37 verbose stack Error: Registry returned 404 for GET on https://registry.npmjs.org/express-sesssion
37 verbose stack     at makeError (C:\Program Files\nodejs\node_modules\npm\node_modules\npm-registry-client\lib\request.js:264:12)
37 verbose stack     at CachingRegistryClient.<anonymous> (C:\Program Files\nodejs\node_modules\npm\node_modules\npm-registry-client\lib\request.js:242:14)
37 verbose stack     at Request._callback (C:\Program Files\nodejs\node_modules\npm\node_modules\npm-registry-client\lib\request.js:172:14)
37 verbose stack     at Request.self.callback (C:\Program Files\nodejs\node_modules\npm\node_modules\request\request.js:200:22)
37 verbose stack     at emitTwo (events.js:87:13)
37 verbose stack     at Request.emit (events.js:172:7)
37 verbose stack     at Request.<anonymous> (C:\Program Files\nodejs\node_modules\npm\node_modules\request\request.js:1067:10)
37 verbose stack     at emitOne (events.js:82:20)
37 verbose stack     at Request.emit (events.js:169:7)
37 verbose stack     at IncomingMessage.<anonymous> (C:\Program Files\nodejs\node_modules\npm\node_modules\request\request.js:988:12)
38 verbose statusCode 404
39 verbose pkgid express-sesssion
40 verbose cwd C:\Users\salas\Desktop\mean stack\FULL MEAN\Dragons
41 error Windows_NT 10.0.14393
42 error argv "C:\\Program Files\\nodejs\\node.exe" "C:\\Program Files\\nodejs\\node_modules\\npm\\bin\\npm-cli.js" "install" "express-sesssion" "--save"
43 error node v4.6.0
44 error npm  v2.15.9
45 error code E404
46 error 404 Registry returned 404 for GET on https://registry.npmjs.org/express-sesssion
46 error 404
46 error 404 'express-sesssion' is not in the npm registry.
46 error 404 You should bug the author to publish it (or use the name yourself!)
46 error 404 It was specified as a dependency of 'simple_server'
46 error 404
46 error 404 Note that you can also install from a
46 error 404 tarball, folder, http url, or git url.
47 verbose exit [ 1, true ]
