

Started GET "/" for ::1 at 2017-01-17 16:05:03 -0600
Processing by IndexController#counter as HTML
  Rendered index/counter.html.erb within layouts/application (6.1ms)
Completed 200 OK in 1666ms (Views: 1641.9ms | ActiveRecord: 0.0ms)


Started GET "/assets/index.self-e3b0c44298fc1c149afbf4c8996fb92427ae41e4649b934ca495991b7852b855.css?body=1" for ::1 at 2017-01-17 16:05:05 -0600


Started GET "/assets/application.self-e80e8f2318043e8af94dddc2adad5a4f09739a8ebb323b3ab31cd71d45fd9113.css?body=1" for 127.0.0.1 at 2017-01-17 16:05:05 -0600


Started GET "/assets/jquery.self-bd7ddd393353a8d2480a622e80342adf488fb6006d667e8b42e4c0073393abee.js?body=1" for ::1 at 2017-01-17 16:05:05 -0600


Started GET "/assets/jquery_ujs.self-784a997f6726036b1993eb2217c9cb558e1cbb801c6da88105588c56f13b466a.js?body=1" for ::1 at 2017-01-17 16:05:05 -0600


Started GET "/assets/turbolinks.self-c5acd7a204f5f25ce7a1d8a0e4d92e28d34c9e2df2c7371cd7af88e147e4ad82.js?body=1" for ::1 at 2017-01-17 16:05:05 -0600


Started GET "/assets/index.self-877aef30ae1b040ab8a3aba4e3e309a11d7f2612f44dde450b5c157aa5f95c05.js?body=1" for ::1 at 2017-01-17 16:05:05 -0600


Started GET "/assets/application.self-3b8dabdc891efe46b9a144b400ad69e37d7e5876bdc39dee783419a69d7ca819.js?body=1" for ::1 at 2017-01-17 16:05:05 -0600


Started GET "/" for ::1 at 2017-01-17 16:06:41 -0600
Processing by IndexController#counter as HTML
  Rendered index/counter.html.erb within layouts/application (0.0ms)
Completed 200 OK in 112ms (Views: 111.3ms | ActiveRecord: 0.0ms)


Started GET "/" for ::1 at 2017-01-17 16:07:15 -0600

ActionController::RoutingError (undefined local variable or method `session' for IndexController:Class):
  app/controllers/index_controller.rb:2:in `<class:IndexController>'
  app/controllers/index_controller.rb:1:in `<top (required)>'


  Rendered C:/RailsInstaller/Ruby2.2.0/lib/ruby/gems/2.2.0/gems/actionpack-4.2.5.1/lib/action_dispatch/middleware/templates/rescues/_trace.html.erb (4.0ms)
  Rendered C:/RailsInstaller/Ruby2.2.0/lib/ruby/gems/2.2.0/gems/actionpack-4.2.5.1/lib/action_dispatch/middleware/templates/routes/_route.html.erb (2.0ms)
  Rendered C:/RailsInstaller/Ruby2.2.0/lib/ruby/gems/2.2.0/gems/actionpack-4.2.5.1/lib/action_dispatch/middleware/templates/routes/_table.html.erb (34.4ms)
  Rendered C:/RailsInstaller/Ruby2.2.0/lib/ruby/gems/2.2.0/gems/actionpack-4.2.5.1/lib/action_dispatch/middleware/templates/rescues/_request_and_response.html.erb (2.0ms)
  Rendered C:/RailsInstaller/Ruby2.2.0/lib/ruby/gems/2.2.0/gems/actionpack-4.2.5.1/lib/action_dispatch/middleware/templates/rescues/routing_error.html.erb within rescues/layout (1190.8ms)
  Rendered C:/RailsInstaller/Ruby2.2.0/lib/ruby/gems/2.2.0/gems/web-console-2.3.0/lib/web_console/templates/_markup.html.erb (1.0ms)
  Rendered C:/RailsInstaller/Ruby2.2.0/lib/ruby/gems/2.2.0/gems/web-console-2.3.0/lib/web_console/templates/_inner_console_markup.html.erb within layouts/inlined_string (0.0ms)
  Rendered C:/RailsInstaller/Ruby2.2.0/lib/ruby/gems/2.2.0/gems/web-console-2.3.0/lib/web_console/templates/_prompt_box_markup.html.erb within layouts/inlined_string (0.0ms)
  Rendered C:/RailsInstaller/Ruby2.2.0/lib/ruby/gems/2.2.0/gems/web-console-2.3.0/lib/web_console/templates/style.css.erb within layouts/inlined_string (0.0ms)
  Rendered C:/RailsInstaller/Ruby2.2.0/lib/ruby/gems/2.2.0/gems/web-console-2.3.0/lib/web_console/templates/console.js.erb within layouts/javascript (784.9ms)
  Rendered C:/RailsInstaller/Ruby2.2.0/lib/ruby/gems/2.2.0/gems/web-console-2.3.0/lib/web_console/templates/main.js.erb within layouts/javascript (0.0ms)
  Rendered C:/RailsInstaller/Ruby2.2.0/lib/ruby/gems/2.2.0/gems/web-console-2.3.0/lib/web_console/templates/error_page.js.erb within layouts/javascript (1.0ms)
  Rendered C:/RailsInstaller/Ruby2.2.0/lib/ruby/gems/2.2.0/gems/web-console-2.3.0/lib/web_console/templates/index.html.erb (1895.3ms)


Started GET "/" for ::1 at 2017-01-17 16:08:25 -0600
Processing by IndexController#counter as HTML
  Rendered index/counter.html.erb within layouts/application (0.0ms)
Completed 200 OK in 122ms (Views: 121.8ms | ActiveRecord: 0.0ms)


Started GET "/" for ::1 at 2017-01-17 16:08:39 -0600
Processing by IndexController#counter as HTML
  Rendered index/counter.html.erb within layouts/application (0.0ms)
Completed 200 OK in 84ms (Views: 83.9ms | ActiveRecord: 0.0ms)


Started GET "/" for ::1 at 2017-01-17 16:08:56 -0600
Processing by IndexController#counter as HTML
  Rendered index/counter.html.erb within layouts/application (0.0ms)
Completed 200 OK in 111ms (Views: 109.7ms | ActiveRecord: 0.0ms)


Started GET "/" for ::1 at 2017-01-17 16:13:01 -0600
Processing by IndexController#counter as HTML
  Rendered index/counter.html.erb within layouts/application (0.0ms)
Completed 200 OK in 85ms (Views: 83.0ms | ActiveRecord: 0.0ms)


Started GET "/" for ::1 at 2017-01-17 16:13:03 -0600
Processing by IndexController#counter as HTML
  Rendered index/counter.html.erb within layouts/application (0.0ms)
Completed 200 OK in 86ms (Views: 85.8ms | ActiveRecord: 0.0ms)


Started GET "/" for ::1 at 2017-01-17 16:13:05 -0600
Processing by IndexController#counter as HTML
  Rendered index/counter.html.erb within layouts/application (0.0ms)
Completed 200 OK in 93ms (Views: 91.8ms | ActiveRecord: 0.0ms)


Started GET "/" for ::1 at 2017-01-17 16:13:14 -0600
Processing by IndexController#counter as HTML
  Rendered index/counter.html.erb within layouts/application (0.0ms)
Completed 200 OK in 91ms (Views: 87.1ms | ActiveRecord: 0.0ms)


Started GET "/" for ::1 at 2017-01-17 16:13:19 -0600
Processing by IndexController#counter as HTML
  Rendered index/counter.html.erb within layouts/application (0.0ms)
Completed 200 OK in 87ms (Views: 84.9ms | ActiveRecord: 0.0ms)


Started GET "/" for ::1 at 2017-01-17 16:13:22 -0600
Processing by IndexController#counter as HTML
  Rendered index/counter.html.erb within layouts/application (0.0ms)
Completed 200 OK in 82ms (Views: 81.1ms | ActiveRecord: 0.0ms)


Started GET "/" for ::1 at 2017-01-17 16:13:58 -0600
Processing by IndexController#counter as HTML
  Rendered index/counter.html.erb within layouts/application (0.0ms)
Completed 200 OK in 91ms (Views: 88.8ms | ActiveRecord: 0.0ms)


Started GET "/" for ::1 at 2017-01-17 16:14:01 -0600
Processing by IndexController#counter as HTML
  Rendered index/counter.html.erb within layouts/application (1.0ms)
Completed 200 OK in 87ms (Views: 86.2ms | ActiveRecord: 0.0ms)


Started GET "/" for ::1 at 2017-01-17 16:14:03 -0600
Processing by IndexController#counter as HTML
  Rendered index/counter.html.erb within layouts/application (0.0ms)
Completed 200 OK in 95ms (Views: 93.8ms | ActiveRecord: 0.0ms)


Started GET "/" for ::1 at 2017-01-17 16:14:06 -0600
Processing by IndexController#counter as HTML
  Rendered index/counter.html.erb within layouts/application (0.0ms)
Completed 200 OK in 82ms (Views: 81.7ms | ActiveRecord: 0.0ms)


Started GET "/" for ::1 at 2017-01-17 16:14:59 -0600
Processing by IndexController#counter as HTML
  Rendered index/counter.html.erb within layouts/application (0.0ms)
Completed 200 OK in 86ms (Views: 84.1ms | ActiveRecord: 0.0ms)


Started GET "/" for ::1 at 2017-01-17 16:15:01 -0600
Processing by IndexController#counter as HTML
  Rendered index/counter.html.erb within layouts/application (0.0ms)
Completed 200 OK in 86ms (Views: 85.9ms | ActiveRecord: 0.0ms)


Started GET "/" for ::1 at 2017-01-17 16:15:28 -0600
Processing by IndexController#counter as HTML
  Rendered index/counter.html.erb within layouts/application (1.0ms)
Completed 200 OK in 84ms (Views: 83.4ms | ActiveRecord: 0.0ms)


Started GET "/" for ::1 at 2017-01-17 16:15:54 -0600
Processing by IndexController#counter as HTML
  Rendered index/counter.html.erb within layouts/application (0.0ms)
Completed 200 OK in 89ms (Views: 87.7ms | ActiveRecord: 0.0ms)
