0 info it worked if it ends with ok
1 verbose cli [ 'C:\\Program Files\\nodejs\\node.exe',
1 verbose cli   'C:\\Program Files\\nodejs\\node_modules\\npm\\bin\\npm-cli.js',
1 verbose cli   'install',
1 verbose cli   'ngRoute',
1 verbose cli   '--save' ]
2 info using npm@2.15.9
3 info using node@v4.6.0
4 verbose install initial load of C:\Users\salas\Desktop\node files\partials_and_users\package.json
5 warn package.json partials_and_users@1.0.0 No description
6 warn package.json partials_and_users@1.0.0 No repository field.
7 warn package.json partials_and_users@1.0.0 No README data
8 verbose installManyTop reading scoped package data from C:\Users\salas\Desktop\node files\partials_and_users\node_modules\body-parser\package.json
9 verbose installManyTop reading scoped package data from C:\Users\salas\Desktop\node files\partials_and_users\node_modules\express\package.json
10 verbose readDependencies loading dependencies from C:\Users\salas\Desktop\node files\partials_and_users\package.json
11 silly cache add args [ 'ngRoute', null ]
12 verbose cache add spec ngRoute
13 silly cache add parsed spec Result {
13 silly cache add   raw: 'ngRoute',
13 silly cache add   scope: null,
13 silly cache add   name: 'ngRoute',
13 silly cache add   rawSpec: '',
13 silly cache add   spec: 'latest',
13 silly cache add   type: 'tag' }
14 silly addNamed ngRoute@latest
15 verbose addNamed "latest" is being treated as a dist-tag for ngRoute
16 info addNameTag [ 'ngRoute', 'latest' ]
17 silly mapToRegistry name ngRoute
18 silly mapToRegistry using default registry
19 silly mapToRegistry registry https://registry.npmjs.org/
20 silly mapToRegistry data Result {
20 silly mapToRegistry   raw: 'ngRoute',
20 silly mapToRegistry   scope: null,
20 silly mapToRegistry   name: 'ngRoute',
20 silly mapToRegistry   rawSpec: '',
20 silly mapToRegistry   spec: 'latest',
20 silly mapToRegistry   type: 'tag' }
21 silly mapToRegistry uri https://registry.npmjs.org/ngRoute
22 verbose addNameTag registry:https://registry.npmjs.org/ngRoute not in flight; fetching
23 verbose request uri https://registry.npmjs.org/ngRoute
24 verbose request no auth needed
25 info attempt registry request try #1 at 11:39:11 PM
26 verbose request id 993cd7d6d77780a9
27 http request GET https://registry.npmjs.org/ngRoute
28 http 404 https://registry.npmjs.org/ngRoute
29 verbose headers { 'content-type': 'application/json',
29 verbose headers   'cache-control': 'max-age=0',
29 verbose headers   'content-length': '2',
29 verbose headers   'accept-ranges': 'bytes',
29 verbose headers   date: 'Mon, 17 Oct 2016 04:39:14 GMT',
29 verbose headers   via: '1.1 varnish',
29 verbose headers   age: '0',
29 verbose headers   connection: 'keep-alive',
29 verbose headers   'x-served-by': 'cache-ord1745-ORD',
29 verbose headers   'x-cache': 'MISS',
29 verbose headers   'x-cache-hits': '0',
29 verbose headers   'x-timer': 'S1476679154.277909,VS0,VE34',
29 verbose headers   vary: 'Accept-Encoding' }
30 silly get cb [ 404,
30 silly get   { 'content-type': 'application/json',
30 silly get     'cache-control': 'max-age=0',
30 silly get     'content-length': '2',
30 silly get     'accept-ranges': 'bytes',
30 silly get     date: 'Mon, 17 Oct 2016 04:39:14 GMT',
30 silly get     via: '1.1 varnish',
30 silly get     age: '0',
30 silly get     connection: 'keep-alive',
30 silly get     'x-served-by': 'cache-ord1745-ORD',
30 silly get     'x-cache': 'MISS',
30 silly get     'x-cache-hits': '0',
30 silly get     'x-timer': 'S1476679154.277909,VS0,VE34',
30 silly get     vary: 'Accept-Encoding' } ]
31 verbose stack Error: Registry returned 404 for GET on https://registry.npmjs.org/ngRoute
31 verbose stack     at makeError (C:\Program Files\nodejs\node_modules\npm\node_modules\npm-registry-client\lib\request.js:264:12)
31 verbose stack     at CachingRegistryClient.<anonymous> (C:\Program Files\nodejs\node_modules\npm\node_modules\npm-registry-client\lib\request.js:242:14)
31 verbose stack     at Request._callback (C:\Program Files\nodejs\node_modules\npm\node_modules\npm-registry-client\lib\request.js:172:14)
31 verbose stack     at Request.self.callback (C:\Program Files\nodejs\node_modules\npm\node_modules\request\request.js:200:22)
31 verbose stack     at emitTwo (events.js:87:13)
31 verbose stack     at Request.emit (events.js:172:7)
31 verbose stack     at Request.<anonymous> (C:\Program Files\nodejs\node_modules\npm\node_modules\request\request.js:1067:10)
31 verbose stack     at emitOne (events.js:82:20)
31 verbose stack     at Request.emit (events.js:169:7)
31 verbose stack     at IncomingMessage.<anonymous> (C:\Program Files\nodejs\node_modules\npm\node_modules\request\request.js:988:12)
32 verbose statusCode 404
33 verbose pkgid ngRoute
34 verbose cwd C:\Users\salas\Desktop\node files\partials_and_users
35 error Windows_NT 10.0.14393
36 error argv "C:\\Program Files\\nodejs\\node.exe" "C:\\Program Files\\nodejs\\node_modules\\npm\\bin\\npm-cli.js" "install" "ngRoute" "--save"
37 error node v4.6.0
38 error npm  v2.15.9
39 error code E404
40 error 404 Registry returned 404 for GET on https://registry.npmjs.org/ngRoute
40 error 404
40 error 404 'ngRoute' is not in the npm registry.
40 error 404 Your package name is not valid, because
40 error 404
40 error 404  1. name can no longer contain capital letters
40 error 404 It was specified as a dependency of 'partials_and_users'
40 error 404
40 error 404 Note that you can also install from a
40 error 404 tarball, folder, http url, or git url.
41 verbose exit [ 1, true ]
